<?xml version="1.0" encoding="UTF-8" ?>
<testsuite errors="1" failures="0" name="Commands.CalculatorTest" tests="1" time="0.0">
  <properties>
[...]
</properties>
  <error message="Commands.CalculatorTest" type="java.lang.ClassNotFoundException">java.lang.ClassNotFoundException: Commands.CalculatorTest
	at java.net.URLClassLoader$1.run(URLClassLoader.java:223)
	at java.security.AccessController.doPrivileged(Native Method)
	at java.net.URLClassLoader.findClass(URLClassLoader.java:211)
	at java.lang.ClassLoader.loadClass(ClassLoader.java:306)
	at java.lang.ClassLoader.loadClass(ClassLoader.java:247)
	at java.lang.ClassLoader.loadClass(ClassLoader.java:247)
	at java.lang.Class.forName0(Native Method)
	at java.lang.Class.forName(Class.java:252)
</error>
  <system-out><![CDATA[]]></system-out>
  <system-err><![CDATA[]]></system-err>
</testsuite>
